#
# A fatal error has been detected by the Java Runtime Environment:
#
#  EXCEPTION_ACCESS_VIOLATION (0xc0000005) at pc=0x00000000704ea0a5, pid=24724, tid=0x0000000000005f34
#
# JRE version: Java(TM) SE Runtime Environment (8.0_101-b13) (build 1.8.0_101-b13)
# Java VM: Java HotSpot(TM) 64-Bit Server VM (25.101-b13 mixed mode windows-amd64 compressed oops)
# Problematic frame:
# V  [jvm.dll+0x12a0a5]
#
# Failed to write core dump. Minidumps are not enabled by default on client versions of Windows
#
# If you would like to submit a bug report, please visit:
#   http://bugreport.java.com/bugreport/crash.jsp
#

---------------  T H R E A D  ---------------

Current thread (0x000000001a480800):  JavaThread "JDWP Transport Listener: dt_socket" daemon [_thread_in_vm, id=24372, stack(0x000000001be20000,0x000000001bf20000)]

siginfo: ExceptionCode=0xc0000005, reading address 0xffffffffffffffff

Registers:
RAX=0x000000001bf1f101, RBX=0x000000001a480800, RCX=0x736e552f7463656c, RDX=0x0000000000000000
RSP=0x000000001bf1f110, RBP=0x736e552f7463656c, RSI=0x000000001bf1f228, RDI=0x0000000003258b80
R8 =0x000000001a480800, R9 =0x0000000000000001, R10=0x0000000000008000, R11=0x000000001bf1f060
R12=0x0000000000000000, R13=0x000000001a481048, R14=0x0000000000000000, R15=0x0000000000000000
RIP=0x00000000704ea0a5, EFLAGS=0x0000000000010206

Top of Stack: (sp=0x000000001bf1f110)
0x000000001bf1f110:   000000001a480800 000000001a480800
0x000000001bf1f120:   000000001bf1f1d8 00000000706f2f0b
0x000000001bf1f130:   000000001a480800 000000007070f76d
0x000000001bf1f140:   0000000000000000 0000000072379155
0x000000001bf1f150:   0000000020cd4ea0 000000007238291e
0x000000001bf1f160:   000000001a480800 0000000000000000
0x000000001bf1f170:   0000000000000000 0000000000000000
0x000000001bf1f180:   736e552f7463656c 0000000072381a15
0x000000001bf1f190:   000000001bf1f228 000000001bf1f200
0x000000001bf1f1a0:   0000000000000001 0000000020cd4ea0
0x000000001bf1f1b0:   736e552f7463656c 00000000723653b3
0x000000001bf1f1c0:   000000001bf1f2f0 0000000000000001
0x000000001bf1f1d0:   0000000000000001 0000000020cd4ea0
0x000000001bf1f1e0:   0000000000000001 0000000000000000
0x000000001bf1f1f0:   0000000000000000 0000000000000000
0x000000001bf1f200:   0000000000000001 0000000072365571 

Instructions: (pc=0x00000000704ea0a5)
0x00000000704ea085:   cc cc cc cc cc cc cc cc cc cc cc 48 83 ec 28 48
0x00000000704ea095:   85 c9 75 07 33 c0 48 83 c4 28 c3 48 89 5c 24 20
0x00000000704ea0a5:   48 8b 19 48 85 db 74 20 48 83 fb 37 74 1a 48 8b
0x00000000704ea0b5:   13 48 8b cb ff 52 10 84 c0 74 0d 48 8b c3 48 8b 


Register to memory mapping:

RAX=0x000000001bf1f101 is pointing into the stack for thread: 0x000000001a480800
RBX=0x000000001a480800 is a thread
RCX=0x736e552f7463656c is an unknown value
RDX=0x0000000000000000 is an unknown value
RSP=0x000000001bf1f110 is pointing into the stack for thread: 0x000000001a480800
RBP=0x736e552f7463656c is an unknown value
RSI=0x000000001bf1f228 is pointing into the stack for thread: 0x000000001a480800
RDI=0x0000000003258b80 is an unknown value
R8 =0x000000001a480800 is a thread
R9 =0x0000000000000001 is an unknown value
R10=0x0000000000008000 is an unknown value
R11=0x000000001bf1f060 is pointing into the stack for thread: 0x000000001a480800
R12=0x0000000000000000 is an unknown value
R13=0x000000001a481048 is an unknown value
R14=0x0000000000000000 is an unknown value
R15=0x0000000000000000 is an unknown value


Stack: [0x000000001be20000,0x000000001bf20000],  sp=0x000000001bf1f110,  free space=1020k
Native frames: (J=compiled Java code, j=interpreted, Vv=VM code, C=native code)
V  [jvm.dll+0x12a0a5]
V  [jvm.dll+0x34f76d]
C  [jdwp.dll+0x21a15]
C  [jdwp.dll+0x53b3]
C  [jdwp.dll+0x5571]
C  [jdwp.dll+0xf0a8]
C  [jdwp.dll+0x1f2d5]
C  [jdwp.dll+0x1f4aa]
V  [jvm.dll+0x1bd258]
V  [jvm.dll+0x2451a4]
V  [jvm.dll+0x29c18a]
C  [msvcr100.dll+0x21d9f]
C  [msvcr100.dll+0x21e3b]
C  [KERNEL32.DLL+0x16fd4]
C  [ntdll.dll+0x4cec1]


---------------  P R O C E S S  ---------------

Java Threads: ( => current thread )
  0x0000000020f2c000 JavaThread "RMI TCP Connection(idle)" daemon [_thread_blocked, id=24232, stack(0x0000000024000000,0x0000000024100000)]
  0x0000000020f30000 JavaThread "RMI TCP Connection(idle)" daemon [_thread_blocked, id=1076, stack(0x0000000023f00000,0x0000000024000000)]
  0x0000000020e7b000 JavaThread "RMI TCP Connection(idle)" daemon [_thread_blocked, id=20820, stack(0x0000000023e00000,0x0000000023f00000)]
  0x0000000020e7c800 JavaThread "RMI TCP Connection(idle)" daemon [_thread_blocked, id=22664, stack(0x000000001dd60000,0x000000001de60000)]
  0x0000000020e7b800 JavaThread "RMI TCP Connection(idle)" daemon [_thread_blocked, id=25580, stack(0x000000001dc60000,0x000000001dd60000)]
  0x0000000020e79800 JavaThread "DestroyJavaVM" [_thread_blocked, id=25296, stack(0x0000000003120000,0x0000000003220000)]
  0x0000000020e78800 JavaThread "http-nio-8020-Acceptor" daemon [_thread_in_native, id=5688, stack(0x0000000023c00000,0x0000000023d00000)]
  0x0000000020e71000 JavaThread "http-nio-8020-ClientPoller" daemon [_thread_in_native, id=23484, stack(0x0000000023b00000,0x0000000023c00000)]
  0x0000000020e78000 JavaThread "http-nio-8020-exec-10" daemon [_thread_blocked, id=26308, stack(0x0000000023a00000,0x0000000023b00000)]
  0x0000000020e77000 JavaThread "http-nio-8020-exec-9" daemon [_thread_blocked, id=7932, stack(0x0000000023900000,0x0000000023a00000)]
  0x0000000020e6f800 JavaThread "http-nio-8020-exec-8" daemon [_thread_blocked, id=4724, stack(0x0000000023800000,0x0000000023900000)]
  0x0000000020e76000 JavaThread "http-nio-8020-exec-7" daemon [_thread_blocked, id=22288, stack(0x0000000023700000,0x0000000023800000)]
  0x0000000020e6e800 JavaThread "http-nio-8020-exec-6" daemon [_thread_blocked, id=22540, stack(0x0000000023600000,0x0000000023700000)]
  0x0000000020e72800 JavaThread "http-nio-8020-exec-5" daemon [_thread_blocked, id=1416, stack(0x0000000023500000,0x0000000023600000)]
  0x0000000020e75800 JavaThread "http-nio-8020-exec-4" daemon [_thread_blocked, id=26316, stack(0x0000000023400000,0x0000000023500000)]
  0x0000000020e6e000 JavaThread "http-nio-8020-exec-3" daemon [_thread_blocked, id=22304, stack(0x0000000023300000,0x0000000023400000)]
  0x0000000020e74800 JavaThread "http-nio-8020-exec-2" daemon [_thread_blocked, id=19008, stack(0x0000000023200000,0x0000000023300000)]
  0x0000000020e6d000 JavaThread "http-nio-8020-exec-1" daemon [_thread_blocked, id=25888, stack(0x0000000023100000,0x0000000023200000)]
  0x0000000020e74000 JavaThread "http-nio-8020-BlockPoller" daemon [_thread_in_native, id=23436, stack(0x0000000023000000,0x0000000023100000)]
  0x0000000020e71800 JavaThread "File Watcher" daemon [_thread_blocked, id=20772, stack(0x0000000022e00000,0x0000000022f00000)]
  0x0000000020e73000 JavaThread "Live Reload Server" daemon [_thread_in_native, id=20760, stack(0x0000000022f00000,0x0000000023000000)]
  0x000000001e574000 JavaThread "container-0" [_thread_blocked, id=20952, stack(0x0000000022000000,0x0000000022100000)]
  0x000000001e573800 JavaThread "Catalina-utility-2" [_thread_blocked, id=21832, stack(0x0000000021f00000,0x0000000022000000)]
  0x000000001e572000 JavaThread "Catalina-utility-1" [_thread_blocked, id=5612, stack(0x0000000021e00000,0x0000000021f00000)]
  0x000000001e56f000 JavaThread "HikariPool-1 housekeeper" daemon [_thread_blocked, id=25744, stack(0x0000000021700000,0x0000000021800000)]
  0x000000001e56e000 JavaThread "mysql-cj-abandoned-connection-cleanup" daemon [_thread_blocked, id=24828, stack(0x000000001f230000,0x000000001f330000)]
  0x000000001d012800 JavaThread "JMX server connection timeout 20" daemon [_thread_blocked, id=1564, stack(0x000000001db60000,0x000000001dc60000)]
  0x000000001cf7a800 JavaThread "RMI TCP Connection(idle)" daemon [_thread_blocked, id=4136, stack(0x000000001d860000,0x000000001d960000)]
  0x000000001cf1f000 JavaThread "RMI Scheduler(0)" daemon [_thread_blocked, id=660, stack(0x000000001d620000,0x000000001d720000)]
  0x000000001ce6d000 JavaThread "RMI TCP Connection(idle)" daemon [_thread_blocked, id=5804, stack(0x000000001d520000,0x000000001d620000)]
  0x000000001cd89800 JavaThread "RMI TCP Accept-0" daemon [_thread_in_native, id=24156, stack(0x000000001d320000,0x000000001d420000)]
  0x000000001cd81800 JavaThread "RMI TCP Accept-60805" daemon [_thread_in_native, id=7172, stack(0x000000001d220000,0x000000001d320000)]
  0x000000001cd7c000 JavaThread "RMI TCP Accept-0" daemon [_thread_in_native, id=24900, stack(0x000000001d120000,0x000000001d220000)]
  0x000000001c272000 JavaThread "Service Thread" daemon [_thread_blocked, id=23772, stack(0x000000001c820000,0x000000001c920000)]
  0x000000001a4cc000 JavaThread "C1 CompilerThread2" daemon [_thread_blocked, id=900, stack(0x000000001c720000,0x000000001c820000)]
  0x000000001a4ca000 JavaThread "C2 CompilerThread1" daemon [_thread_blocked, id=6252, stack(0x000000001c620000,0x000000001c720000)]
  0x000000001a4a4000 JavaThread "C2 CompilerThread0" daemon [_thread_blocked, id=23304, stack(0x000000001c120000,0x000000001c220000)]
  0x000000001a494000 JavaThread "JDWP Command Reader" daemon [_thread_in_native, id=2968, stack(0x000000001c020000,0x000000001c120000)]
  0x000000001a490800 JavaThread "JDWP Event Helper Thread" daemon [_thread_blocked, id=1452, stack(0x000000001bf20000,0x000000001c020000)]
=>0x000000001a480800 JavaThread "JDWP Transport Listener: dt_socket" daemon [_thread_in_vm, id=24372, stack(0x000000001be20000,0x000000001bf20000)]
  0x000000001a477800 JavaThread "Attach Listener" daemon [_thread_blocked, id=5912, stack(0x000000001b9e0000,0x000000001bae0000)]
  0x000000001a476000 JavaThread "Signal Dispatcher" daemon [_thread_blocked, id=25424, stack(0x000000001b8e0000,0x000000001b9e0000)]
  0x000000001a460000 JavaThread "Finalizer" daemon [_thread_blocked, id=22076, stack(0x000000001b6e0000,0x000000001b7e0000)]
  0x0000000003397000 JavaThread "Reference Handler" daemon [_thread_blocked, id=23648, stack(0x000000001b5e0000,0x000000001b6e0000)]

Other Threads:
  0x000000001a436800 VMThread [stack: 0x000000001b4e0000,0x000000001b5e0000] [id=24308]
  0x000000001cd96800 WatcherThread [stack: 0x000000001d420000,0x000000001d520000] [id=21824]

VM state:not at safepoint (normal execution)

VM Mutex/Monitor currently owned by a thread: None

Heap:
 PSYoungGen      total 352256K, used 241221K [0x0000000780900000, 0x0000000797e80000, 0x00000007c0000000)
  eden space 339968K, 70% used [0x0000000780900000,0x000000078f491568,0x0000000795500000)
  from space 12288K, 0% used [0x0000000797280000,0x0000000797280000,0x0000000797e80000)
  to   space 19456K, 0% used [0x0000000795880000,0x0000000795880000,0x0000000796b80000)
 ParOldGen       total 155648K, used 25561K [0x0000000701a00000, 0x000000070b200000, 0x0000000780900000)
  object space 155648K, 16% used [0x0000000701a00000,0x00000007032f6518,0x000000070b200000)
 Metaspace       used 64176K, capacity 67705K, committed 67888K, reserved 1107968K
  class space    used 8555K, capacity 9168K, committed 9264K, reserved 1048576K

Card table byte_map: [0x0000000012760000,0x0000000012d60000] byte_map_base: 0x000000000ef53000

Marking Bits: (ParMarkBitMap*) 0x0000000070bda6d0
 Begin Bits: [0x0000000013560000, 0x00000000164f8000)
 End Bits:   [0x00000000164f8000, 0x0000000019490000)

Polling page: 0x0000000003220000

CodeCache: size=245760Kb used=14260Kb max_used=14534Kb free=231499Kb
 bounds [0x00000000033a0000, 0x00000000041e0000, 0x00000000123a0000]
 total_blobs=7573 nmethods=6973 adapters=517
 compilation: enabled

Compilation events (10 events):
Event: 83.501 Thread 0x000000001a4cc000 7110       1       java.util.concurrent.atomic.AtomicLong::getAndSet (12 bytes)
Event: 83.501 Thread 0x000000001a4cc000 nmethod 7110 0x000000000387f250 code [0x000000000387f3a0, 0x000000000387f4b0]
Event: 83.502 Thread 0x000000001a4cc000 7111       1       sun.misc.Unsafe::getAndSetLong (24 bytes)
Event: 83.502 Thread 0x000000001a4cc000 nmethod 7111 0x00000000039ad790 code [0x00000000039ad8e0, 0x00000000039ada30]
Event: 84.503 Thread 0x000000001a4cc000 7112   !   1       org.apache.tomcat.util.net.NioEndpoint$Poller::timeout (571 bytes)
Event: 84.506 Thread 0x000000001a4cc000 nmethod 7112 0x0000000003a577d0 code [0x0000000003a57b20, 0x0000000003a58c18]
Event: 84.506 Thread 0x000000001a4cc000 7113       1       org.apache.tomcat.util.net.NioEndpoint::access$200 (5 bytes)
Event: 84.506 Thread 0x000000001a4cc000 nmethod 7113 0x0000000003dee750 code [0x0000000003dee8a0, 0x0000000003dee990]
Event: 86.157 Thread 0x000000001a4cc000 7114       1       java.util.concurrent.ThreadPoolExecutor::getQueue (5 bytes)
Event: 86.157 Thread 0x000000001a4cc000 nmethod 7114 0x0000000003e3ddd0 code [0x0000000003e3df20, 0x0000000003e3e030]

GC Heap History (10 events):
Event: 6.118 GC heap before
{Heap before GC invocations=9 (full 1):
 PSYoungGen      total 205312K, used 78663K [0x0000000780900000, 0x0000000792880000, 0x00000007c0000000)
  eden space 195584K, 35% used [0x0000000780900000,0x0000000784c57660,0x000000078c800000)
  from space 9728K, 99% used [0x000000078c800000,0x000000078d17a690,0x000000078d180000)
  to   space 11776K, 0% used [0x0000000791d00000,0x0000000791d00000,0x0000000792880000)
 ParOldGen       total 72704K, used 9577K [0x0000000701a00000, 0x0000000706100000, 0x0000000780900000)
  object space 72704K, 13% used [0x0000000701a00000,0x000000070235a538,0x0000000706100000)
 Metaspace       used 33340K, capacity 35477K, committed 35496K, reserved 1079296K
  class space    used 4493K, capacity 4907K, committed 4912K, reserved 1048576K
Event: 6.137 GC heap after
Heap after GC invocations=9 (full 1):
 PSYoungGen      total 280576K, used 11761K [0x0000000780900000, 0x0000000795b80000, 0x00000007c0000000)
  eden space 268800K, 0% used [0x0000000780900000,0x0000000780900000,0x0000000790f80000)
  from space 11776K, 99% used [0x0000000791d00000,0x000000079287c798,0x0000000792880000)
  to   space 13824K, 0% used [0x0000000790f80000,0x0000000790f80000,0x0000000791d00000)
 ParOldGen       total 72704K, used 11223K [0x0000000701a00000, 0x0000000706100000, 0x0000000780900000)
  object space 72704K, 15% used [0x0000000701a00000,0x00000007024f5f18,0x0000000706100000)
 Metaspace       used 33340K, capacity 35477K, committed 35496K, reserved 1079296K
  class space    used 4493K, capacity 4907K, committed 4912K, reserved 1048576K
}
Event: 6.137 GC heap before
{Heap before GC invocations=10 (full 2):
 PSYoungGen      total 280576K, used 11761K [0x0000000780900000, 0x0000000795b80000, 0x00000007c0000000)
  eden space 268800K, 0% used [0x0000000780900000,0x0000000780900000,0x0000000790f80000)
  from space 11776K, 99% used [0x0000000791d00000,0x000000079287c798,0x0000000792880000)
  to   space 13824K, 0% used [0x0000000790f80000,0x0000000790f80000,0x0000000791d00000)
 ParOldGen       total 72704K, used 11223K [0x0000000701a00000, 0x0000000706100000, 0x0000000780900000)
  object space 72704K, 15% used [0x0000000701a00000,0x00000007024f5f18,0x0000000706100000)
 Metaspace       used 33340K, capacity 35477K, committed 35496K, reserved 1079296K
  class space    used 4493K, capacity 4907K, committed 4912K, reserved 1048576K
Event: 6.216 GC heap after
Heap after GC invocations=10 (full 2):
 PSYoungGen      total 280576K, used 0K [0x0000000780900000, 0x0000000795b80000, 0x00000007c0000000)
  eden space 268800K, 0% used [0x0000000780900000,0x0000000780900000,0x0000000790f80000)
  from space 11776K, 0% used [0x0000000791d00000,0x0000000791d00000,0x0000000792880000)
  to   space 13824K, 0% used [0x0000000790f80000,0x0000000790f80000,0x0000000791d00000)
 ParOldGen       total 115200K, used 18635K [0x0000000701a00000, 0x0000000708a80000, 0x0000000780900000)
  object space 115200K, 16% used [0x0000000701a00000,0x0000000702c32ed8,0x0000000708a80000)
 Metaspace       used 33340K, capacity 35477K, committed 35496K, reserved 1079296K
  class space    used 4493K, capacity 4907K, committed 4912K, reserved 1048576K
}
Event: 9.094 GC heap before
{Heap before GC invocations=11 (full 2):
 PSYoungGen      total 280576K, used 268800K [0x0000000780900000, 0x0000000795b80000, 0x00000007c0000000)
  eden space 268800K, 100% used [0x0000000780900000,0x0000000790f80000,0x0000000790f80000)
  from space 11776K, 0% used [0x0000000791d00000,0x0000000791d00000,0x0000000792880000)
  to   space 13824K, 0% used [0x0000000790f80000,0x0000000790f80000,0x0000000791d00000)
 ParOldGen       total 115200K, used 18635K [0x0000000701a00000, 0x0000000708a80000, 0x0000000780900000)
  object space 115200K, 16% used [0x0000000701a00000,0x0000000702c32ed8,0x0000000708a80000)
 Metaspace       used 53528K, capacity 56819K, committed 57008K, reserved 1097728K
  class space    used 7490K, capacity 8061K, committed 8112K, reserved 1048576K
Event: 9.131 GC heap after
Heap after GC invocations=11 (full 2):
 PSYoungGen      total 282624K, used 13803K [0x0000000780900000, 0x0000000798600000, 0x00000007c0000000)
  eden space 268800K, 0% used [0x0000000780900000,0x0000000780900000,0x0000000790f80000)
  from space 13824K, 99% used [0x0000000790f80000,0x0000000791cfac18,0x0000000791d00000)
  to   space 19968K, 0% used [0x0000000797280000,0x0000000797280000,0x0000000798600000)
 ParOldGen       total 115200K, used 29915K [0x0000000701a00000, 0x0000000708a80000, 0x0000000780900000)
  object space 115200K, 25% used [0x0000000701a00000,0x0000000703736d78,0x0000000708a80000)
 Metaspace       used 53528K, capacity 56819K, committed 57008K, reserved 1097728K
  class space    used 7490K, capacity 8061K, committed 8112K, reserved 1048576K
}
Event: 28.371 GC heap before
{Heap before GC invocations=12 (full 2):
 PSYoungGen      total 282624K, used 71032K [0x0000000780900000, 0x0000000798600000, 0x00000007c0000000)
  eden space 268800K, 21% used [0x0000000780900000,0x00000007840e3740,0x0000000790f80000)
  from space 13824K, 99% used [0x0000000790f80000,0x0000000791cfac18,0x0000000791d00000)
  to   space 19968K, 0% used [0x0000000797280000,0x0000000797280000,0x0000000798600000)
 ParOldGen       total 115200K, used 29915K [0x0000000701a00000, 0x0000000708a80000, 0x0000000780900000)
  object space 115200K, 25% used [0x0000000701a00000,0x0000000703736d78,0x0000000708a80000)
 Metaspace       used 55808K, capacity 59127K, committed 59160K, reserved 1099776K
  class space    used 7768K, capacity 8345K, committed 8368K, reserved 1048576K
Event: 28.401 GC heap after
Heap after GC invocations=12 (full 2):
 PSYoungGen      total 352256K, used 11825K [0x0000000780900000, 0x0000000797e80000, 0x00000007c0000000)
  eden space 339968K, 0% used [0x0000000780900000,0x0000000780900000,0x0000000795500000)
  from space 12288K, 96% used [0x0000000797280000,0x0000000797e0c438,0x0000000797e80000)
  to   space 19456K, 0% used [0x0000000795880000,0x0000000795880000,0x0000000796b80000)
 ParOldGen       total 115200K, used 29923K [0x0000000701a00000, 0x0000000708a80000, 0x0000000780900000)
  object space 115200K, 25% used [0x0000000701a00000,0x0000000703738d78,0x0000000708a80000)
 Metaspace       used 55808K, capacity 59127K, committed 59160K, reserved 1099776K
  class space    used 7768K, capacity 8345K, committed 8368K, reserved 1048576K
}
Event: 28.401 GC heap before
{Heap before GC invocations=13 (full 3):
 PSYoungGen      total 352256K, used 11825K [0x0000000780900000, 0x0000000797e80000, 0x00000007c0000000)
  eden space 339968K, 0% used [0x0000000780900000,0x0000000780900000,0x0000000795500000)
  from space 12288K, 96% used [0x0000000797280000,0x0000000797e0c438,0x0000000797e80000)
  to   space 19456K, 0% used [0x0000000795880000,0x0000000795880000,0x0000000796b80000)
 ParOldGen       total 115200K, used 29923K [0x0000000701a00000, 0x0000000708a80000, 0x0000000780900000)
  object space 115200K, 25% used [0x0000000701a00000,0x0000000703738d78,0x0000000708a80000)
 Metaspace       used 55808K, capacity 59127K, committed 59160K, reserved 1099776K
  class space    used 7768K, capacity 8345K, committed 8368K, reserved 1048576K
Event: 28.620 GC heap after
Heap after GC invocations=13 (full 3):
 PSYoungGen      total 352256K, used 0K [0x0000000780900000, 0x0000000797e80000, 0x00000007c0000000)
  eden space 339968K, 0% used [0x0000000780900000,0x0000000780900000,0x0000000795500000)
  from space 12288K, 0% used [0x0000000797280000,0x0000000797280000,0x0000000797e80000)
  to   space 19456K, 0% used [0x0000000795880000,0x0000000795880000,0x0000000796b80000)
 ParOldGen       total 155648K, used 25561K [0x0000000701a00000, 0x000000070b200000, 0x0000000780900000)
  object space 155648K, 16% used [0x0000000701a00000,0x00000007032f6518,0x000000070b200000)
 Metaspace       used 55785K, capacity 59091K, committed 59160K, reserved 1099776K
  class space    used 7765K, capacity 8339K, committed 8368K, reserved 1048576K
}

Deoptimization events (0 events):
No events

Internal exceptions (10 events):
Event: 40.361 Thread 0x0000000020e76000 Exception <a 'java/security/PrivilegedActionException'> (0x000000078cdee4f8) thrown at [C:\re\workspace\8-2-build-windows-amd64-cygwin\jdk8u101\7261\hotspot\src\share\vm\prims\jvm.cpp, line 1386]
Event: 40.361 Thread 0x0000000020e76000 Exception <a 'java/security/PrivilegedActionException'> (0x000000078cdef278) thrown at [C:\re\workspace\8-2-build-windows-amd64-cygwin\jdk8u101\7261\hotspot\src\share\vm\prims\jvm.cpp, line 1386]
Event: 40.384 Thread 0x0000000020e76000 Exception <a 'java/security/PrivilegedActionException'> (0x000000078cf9a048) thrown at [C:\re\workspace\8-2-build-windows-amd64-cygwin\jdk8u101\7261\hotspot\src\share\vm\prims\jvm.cpp, line 1386]
Event: 40.384 Thread 0x0000000020e76000 Exception <a 'java/security/PrivilegedActionException'> (0x000000078cf9adc8) thrown at [C:\re\workspace\8-2-build-windows-amd64-cygwin\jdk8u101\7261\hotspot\src\share\vm\prims\jvm.cpp, line 1386]
Event: 40.385 Thread 0x0000000020e76000 Exception <a 'java/security/PrivilegedActionException'> (0x000000078cfa6f60) thrown at [C:\re\workspace\8-2-build-windows-amd64-cygwin\jdk8u101\7261\hotspot\src\share\vm\prims\jvm.cpp, line 1386]
Event: 40.385 Thread 0x0000000020e76000 Exception <a 'java/security/PrivilegedActionException'> (0x000000078cfa7ce0) thrown at [C:\re\workspace\8-2-build-windows-amd64-cygwin\jdk8u101\7261\hotspot\src\share\vm\prims\jvm.cpp, line 1386]
Event: 41.034 Thread 0x0000000020e6e000 Exception <a 'java/lang/ArrayIndexOutOfBoundsException'> (0x0000000789d811b8) thrown at [C:\re\workspace\8-2-build-windows-amd64-cygwin\jdk8u101\7261\hotspot\src\share\vm\runtime\sharedRuntime.cpp, line 605]
Event: 41.109 Thread 0x0000000020e6e000 Exception <a 'java/lang/ArrayIndexOutOfBoundsException'> (0x000000078e08ed00) thrown at [C:\re\workspace\8-2-build-windows-amd64-cygwin\jdk8u101\7261\hotspot\src\share\vm\runtime\sharedRuntime.cpp, line 605]
Event: 41.109 Thread 0x0000000020e6e000 Exception <a 'java/lang/ArrayIndexOutOfBoundsException'> (0x000000078e092b50) thrown at [C:\re\workspace\8-2-build-windows-amd64-cygwin\jdk8u101\7261\hotspot\src\share\vm\runtime\sharedRuntime.cpp, line 605]
Event: 41.110 Thread 0x0000000020e6e000 Exception <a 'java/lang/ArrayIndexOutOfBoundsException'> (0x000000078e096200) thrown at [C:\re\workspace\8-2-build-windows-amd64-cygwin\jdk8u101\7261\hotspot\src\share\vm\runtime\sharedRuntime.cpp, line 605]

Events (10 events):
Event: 83.502 Thread 0x000000001a4cc000 flushing nmethod 0x0000000003e4ebd0
Event: 83.502 Thread 0x000000001a4cc000 flushing nmethod 0x0000000003e53190
Event: 83.502 Thread 0x000000001a4cc000 flushing nmethod 0x0000000003e55750
Event: 83.502 Thread 0x000000001a4cc000 flushing nmethod 0x0000000003e55a90
Event: 83.502 Thread 0x000000001a4cc000 flushing nmethod 0x0000000003e56b90
Event: 83.502 Thread 0x000000001a4cc000 flushing nmethod 0x0000000003e58290
Event: 83.502 Thread 0x000000001a4cc000 flushing nmethod 0x0000000003e5e350
Event: 83.502 Thread 0x000000001a4cc000 flushing nmethod 0x0000000003e66050
Event: 87.704 Executing VM operation: RedefineClasses
Event: 87.739 Executing VM operation: RedefineClasses done


Dynamic libraries:
0x00007ff6d7c30000 - 0x00007ff6d7c67000 	C:\Program Files\Java\jdk1.8.0_101\bin\javaw.exe
0x00007ff9f8c90000 - 0x00007ff9f8e85000 	C:\WINDOWS\SYSTEM32\ntdll.dll
0x00007ff9f7be0000 - 0x00007ff9f7c9d000 	C:\WINDOWS\System32\KERNEL32.DLL
0x00007ff9f63e0000 - 0x00007ff9f66a7000 	C:\WINDOWS\System32\KERNELBASE.dll
0x00007ff9f86d0000 - 0x00007ff9f877a000 	C:\WINDOWS\System32\ADVAPI32.dll
0x00007ff9f6d00000 - 0x00007ff9f6d9e000 	C:\WINDOWS\System32\msvcrt.dll
0x00007ff9f8630000 - 0x00007ff9f86cb000 	C:\WINDOWS\System32\sechost.dll
0x00007ff9f7570000 - 0x00007ff9f7693000 	C:\WINDOWS\System32\RPCRT4.dll
0x00007ff9f7750000 - 0x00007ff9f78f0000 	C:\WINDOWS\System32\USER32.dll
0x00007ff9f6cd0000 - 0x00007ff9f6cf2000 	C:\WINDOWS\System32\win32u.dll
0x00007ff9f78f0000 - 0x00007ff9f791a000 	C:\WINDOWS\System32\GDI32.dll
0x00007ff9f6910000 - 0x00007ff9f6a1a000 	C:\WINDOWS\System32\gdi32full.dll
0x00007ff9f6ad0000 - 0x00007ff9f6b6d000 	C:\WINDOWS\System32\msvcp_win.dll
0x00007ff9f67e0000 - 0x00007ff9f68e0000 	C:\WINDOWS\System32\ucrtbase.dll
0x00007ff9ec770000 - 0x00007ff9eca0a000 	C:\WINDOWS\WinSxS\amd64_microsoft.windows.common-controls_6595b64144ccf1df_6.0.19041.1_none_b555e41d4684ddec\COMCTL32.dll
0x00007ff9f8c20000 - 0x00007ff9f8c50000 	C:\WINDOWS\System32\IMM32.DLL
0x00000000723d0000 - 0x00000000724a2000 	C:\Program Files\Java\jdk1.8.0_101\jre\bin\msvcr100.dll
0x00000000703c0000 - 0x0000000070c5a000 	C:\Program Files\Java\jdk1.8.0_101\jre\bin\server\jvm.dll
0x00007ff9f7bd0000 - 0x00007ff9f7bd8000 	C:\WINDOWS\System32\PSAPI.DLL
0x00007ff9ed5c0000 - 0x00007ff9ed5e7000 	C:\WINDOWS\SYSTEM32\WINMM.dll
0x00007ff9efd60000 - 0x00007ff9efd6a000 	C:\WINDOWS\SYSTEM32\VERSION.dll
0x00007ff9f4bd0000 - 0x00007ff9f4bd9000 	C:\WINDOWS\SYSTEM32\WSOCK32.dll
0x00007ff9f7de0000 - 0x00007ff9f7e4b000 	C:\WINDOWS\System32\WS2_32.dll
0x00000000724e0000 - 0x00000000724ef000 	C:\Program Files\Java\jdk1.8.0_101\jre\bin\verify.dll
0x00000000723a0000 - 0x00000000723c9000 	C:\Program Files\Java\jdk1.8.0_101\jre\bin\java.dll
0x0000000072360000 - 0x0000000072395000 	C:\Program Files\Java\jdk1.8.0_101\jre\bin\jdwp.dll
0x00000000724d0000 - 0x00000000724d8000 	C:\Program Files\Java\jdk1.8.0_101\jre\bin\npt.dll
0x0000000072340000 - 0x0000000072356000 	C:\Program Files\Java\jdk1.8.0_101\jre\bin\zip.dll
0x00007ff9f6e20000 - 0x00007ff9f7560000 	C:\WINDOWS\System32\SHELL32.dll
0x00007ff9f4430000 - 0x00007ff9f4bc1000 	C:\WINDOWS\SYSTEM32\windows.storage.dll
0x00007ff9f88c0000 - 0x00007ff9f8c13000 	C:\WINDOWS\System32\combase.dll
0x00007ff9f5e60000 - 0x00007ff9f5e8c000 	C:\WINDOWS\SYSTEM32\Wldp.dll
0x00007ff9f7f60000 - 0x00007ff9f800e000 	C:\WINDOWS\System32\SHCORE.dll
0x00007ff9f6dc0000 - 0x00007ff9f6e15000 	C:\WINDOWS\System32\shlwapi.dll
0x00007ff9f6320000 - 0x00007ff9f633f000 	C:\WINDOWS\SYSTEM32\profapi.dll
0x0000000072330000 - 0x0000000072339000 	C:\Program Files\Java\jdk1.8.0_101\jre\bin\dt_socket.dll
0x00007ff9de5e0000 - 0x00007ff9de5f7000 	C:\WINDOWS\system32\napinsp.dll
0x00007ff9de590000 - 0x00007ff9de5ab000 	C:\WINDOWS\system32\pnrpnsp.dll
0x00007ff9de570000 - 0x00007ff9de585000 	C:\WINDOWS\system32\wshbth.dll
0x00007ff9f1620000 - 0x00007ff9f163d000 	C:\WINDOWS\system32\NLAapi.dll
0x00007ff9f5880000 - 0x00007ff9f58bb000 	C:\WINDOWS\SYSTEM32\IPHLPAPI.DLL
0x00007ff9f5be0000 - 0x00007ff9f5c4a000 	C:\WINDOWS\System32\mswsock.dll
0x00007ff9f58d0000 - 0x00007ff9f599a000 	C:\WINDOWS\SYSTEM32\DNSAPI.dll
0x00007ff9f7560000 - 0x00007ff9f7569000 	C:\WINDOWS\System32\NSI.dll
0x00007ff9de550000 - 0x00007ff9de562000 	C:\WINDOWS\System32\winrnr.dll
0x00007ff9ed3e0000 - 0x00007ff9ed45f000 	C:\WINDOWS\System32\fwpuclnt.dll
0x00007ff9f68e0000 - 0x00007ff9f6907000 	C:\WINDOWS\System32\bcrypt.dll
0x00007ff9ebf40000 - 0x00007ff9ebf4a000 	C:\Windows\System32\rasadhlp.dll
0x0000000072320000 - 0x000000007232d000 	C:\Program Files\Java\jdk1.8.0_101\jre\bin\management.dll
0x0000000072300000 - 0x000000007231a000 	C:\Program Files\Java\jdk1.8.0_101\jre\bin\net.dll
0x00000000703a0000 - 0x00000000703b1000 	C:\Program Files\Java\jdk1.8.0_101\jre\bin\nio.dll
0x00007ff9f5db0000 - 0x00007ff9f5dc8000 	C:\WINDOWS\SYSTEM32\CRYPTSP.dll
0x00007ff9f5500000 - 0x00007ff9f5534000 	C:\WINDOWS\system32\rsaenh.dll
0x00007ff9f62e0000 - 0x00007ff9f630e000 	C:\WINDOWS\SYSTEM32\USERENV.dll
0x00007ff9f66b0000 - 0x00007ff9f672f000 	C:\WINDOWS\System32\bcryptprimitives.dll
0x00007ff9f5dd0000 - 0x00007ff9f5ddc000 	C:\WINDOWS\SYSTEM32\CRYPTBASE.dll
0x00007ff9edbb0000 - 0x00007ff9edbc7000 	C:\WINDOWS\SYSTEM32\dhcpcsvc6.DLL
0x00007ff9ee080000 - 0x00007ff9ee09d000 	C:\WINDOWS\SYSTEM32\dhcpcsvc.DLL
0x00007ff9f40d0000 - 0x00007ff9f42b4000 	C:\WINDOWS\SYSTEM32\dbghelp.dll

VM Arguments:
jvm_args: -agentlib:jdwp=transport=dt_socket,suspend=y,address=localhost:60806 -Dcom.sun.management.jmxremote -Dcom.sun.management.jmxremote.port=60805 -Dcom.sun.management.jmxremote.authenticate=false -Dcom.sun.management.jmxremote.ssl=false -Djava.rmi.server.hostname=localhost -Dspring.jmx.enabled=true -Dspring.liveBeansView.mbeanDomain -Dspring.application.admin.enabled=true -Xverify:none -XX:TieredStopAtLevel=1 -Dfile.encoding=UTF-8 
java_command: com.acculytixs.wayuparty.WayupartyApplication --spring.output.ansi.enabled=always
java_class_path (initial): C:\Users\Venkat\git\Acculytixs\wayuparty\target\classes;C:\Users\Venkat\.m2\repository\org\springframework\boot\spring-boot-starter-actuator\2.3.3.RELEASE\spring-boot-starter-actuator-2.3.3.RELEASE.jar;C:\Users\Venkat\.m2\repository\org\springframework\boot\spring-boot-starter\2.3.3.RELEASE\spring-boot-starter-2.3.3.RELEASE.jar;C:\Users\Venkat\.m2\repository\org\springframework\boot\spring-boot-starter-logging\2.3.3.RELEASE\spring-boot-starter-logging-2.3.3.RELEASE.jar;C:\Users\Venkat\.m2\repository\ch\qos\logback\logback-classic\1.2.3\logback-classic-1.2.3.jar;C:\Users\Venkat\.m2\repository\ch\qos\logback\logback-core\1.2.3\logback-core-1.2.3.jar;C:\Users\Venkat\.m2\repository\org\apache\logging\log4j\log4j-to-slf4j\2.13.3\log4j-to-slf4j-2.13.3.jar;C:\Users\Venkat\.m2\repository\jakarta\annotation\jakarta.annotation-api\1.3.5\jakarta.annotation-api-1.3.5.jar;C:\Users\Venkat\.m2\repository\org\yaml\snakeyaml\1.26\snakeyaml-1.26.jar;C:\Users\Venkat\.m2\repository\org\springframework\boot\spring-boot-actuator-autoconfigure\2.3.3.RELEASE\spring-boot-actuator-autoconfigure-2.3.3.RELEASE.jar;C:\Users\Venkat\.m2\repository\org\springframework\boot\spring-boot-actuator\2.3.3.RELEASE\spring-boot-actuator-2.3.3.RELEASE.jar;C:\Users\Venkat\.m2\repository\com\fasterxml\jackson\core\jackson-databind\2.11.2\jackson-databind-2.11.2.jar;C:\Users\Venkat\.m2\repository\com\fasterxml\jackson\core\jackson-annotations\2.11.2\jackson-annotations-2.11.2.jar;C:\Users\Venkat\.m2\repository\com\fasterxml\jackson\core\jackson-core\2.11.2\jackson-core-2.11.2.jar;C:\Users\Venkat\.m2\repository\com\fasterxml\jackson\datatype\jackson-datatype-jsr310\2.11.2\jackson-datatype-jsr310-2.11.2.jar;C:\Users\Venkat\.m2\repository\io\micrometer\micrometer-core\1.5.4\micrometer-core-1.5.4.jar;C:\Users\Venkat\.m2\repository\org\hdrhistogram\HdrHistogram\2.1.12\HdrHistogram-2.1.12.jar;C:\Users\Venkat\.m2\repository\org\latencyutils\LatencyUtils\2.0.3\LatencyUtils-2.0.3.jar;C:\Use
Launcher Type: SUN_STANDARD

Environment Variables:
JAVA_HOME=C:\Program Files\Java\jdk1.8.0_101
PATH=C:\Program Files\Java\jdk1.8.0_101\jre\bin;C:/Program Files/Java/jre1.8.0_101/bin/server;C:/Program Files/Java/jre1.8.0_101/bin;C:/Program Files/Java/jre1.8.0_101/lib/amd64;C:\Program Files (x86)\Intel\iCLS Client\;C:\ProgramData\Oracle\Java\javapath;C:\Program Files\Intel\iCLS Client\;C:\windows\system32;C:\windows;C:\windows\System32\Wbem;C:\windows\System32\WindowsPowerShell\v1.0\;C:\Program Files (x86)\NVIDIA Corporation\PhysX\Common;C:\Program Files\MySQL\MySQL Utilities 1.6\;C:\Program Files\TortoiseGit\bin;C:\WINDOWS\system32;C:\WINDOWS;C:\WINDOWS\System32\Wbem;C:\WINDOWS\System32\WindowsPowerShell\v1.0\;C:\Program Files (x86)\Intel\Intel(R) Management Engine Components\DAL;C:\Program Files\Intel\Intel(R) Management Engine Components\DAL;C:\Program Files (x86)\Intel\Intel(R) Management Engine Components\IPT;C:\Program Files\Intel\Intel(R) Management Engine Components\IPT;C:\WINDOWS\System32\OpenSSH\;C:\Program Files\PuTTY\;C:\Program Files\Intel\WiFi\bin\;C:\Program Files\Common Files\Intel\WirelessCommon\;C:\Program Files\nodejs\;C:\Program Files\Java\jdk1.8.0_101\bin;C:\Users\Venkat\AppData\Local\Microsoft\WindowsApps;C:\apache-maven-3.5.0-bin\apache-maven-3.5.0\bin;C:\Users\Venkat\AppData\Roaming\npm;;C:\sts-bundle\sts-3.9.8.RELEASE;
USERNAME=Venkat
OS=Windows_NT
PROCESSOR_IDENTIFIER=Intel64 Family 6 Model 78 Stepping 3, GenuineIntel



---------------  S Y S T E M  ---------------

OS: Windows 10.0 , 64 bit Build 19041 (10.0.19041.292)

CPU:total 4 (2 cores per cpu, 2 threads per core) family 6 model 78 stepping 3, cmov, cx8, fxsr, mmx, sse, sse2, sse3, ssse3, sse4.1, sse4.2, popcnt, avx, avx2, aes, clmul, erms, 3dnowpref, lzcnt, ht, tsc, tscinvbit, bmi1, bmi2, adx

Memory: 4k page, physical 12470176k(4240972k free), swap 14370720k(2674700k free)

vm_info: Java HotSpot(TM) 64-Bit Server VM (25.101-b13) for windows-amd64 JRE (1.8.0_101-b13), built on Jun 22 2016 01:21:29 by "java_re" with MS VC++ 10.0 (VS2010)

time: Tue Sep 08 14:52:42 2020
elapsed time: 87 seconds (0d 0h 1m 27s)

